[0.620s] DEBUG:colcon:Command line arguments: ['/usr/bin/colcon', 'build', '--symlink-install']
[0.620s] DEBUG:colcon:Parsed command line arguments: Namespace(log_base=None, log_level=None, verb_name='build', build_base='build', install_base='install', merge_install=False, symlink_install=True, test_result_base=None, continue_on_error=False, executor='parallel', parallel_workers=4, event_handlers=None, ignore_user_meta=False, metas=['./colcon.meta'], base_paths=['.'], packages_ignore=None, packages_ignore_regex=None, paths=None, packages_up_to=None, packages_up_to_regex=None, packages_above=None, packages_above_and_dependencies=None, packages_above_depth=None, packages_select_by_dep=None, packages_skip_by_dep=None, packages_skip_up_to=None, packages_select_build_failed=False, packages_skip_build_finished=False, packages_select_test_failures=False, packages_skip_test_passed=False, packages_select=None, packages_skip=None, packages_select_regex=None, packages_skip_regex=None, packages_start=None, packages_end=None, allow_overriding=[], cmake_args=None, cmake_target=None, cmake_target_skip_unavailable=False, cmake_clean_cache=False, cmake_clean_first=False, cmake_force_configure=False, ament_cmake_args=None, catkin_cmake_args=None, catkin_skip_building_tests=False, mixin_files=None, mixin=None, verb_parser=<colcon_mixin.mixin.mixin_argument.MixinArgumentDecorator object at 0x7f88e4c050>, verb_extension=<colcon_core.verb.build.BuildVerb object at 0x7f88e3b790>, main=<bound method BuildVerb.main of <colcon_core.verb.build.BuildVerb object at 0x7f88e3b790>>, mixin_verb=('build',))
[1.632s] Level 1:colcon.colcon_core.package_discovery:discover_packages(colcon_meta) check parameters
[1.632s] Level 1:colcon.colcon_core.package_discovery:discover_packages(recursive) check parameters
[1.632s] Level 1:colcon.colcon_core.package_discovery:discover_packages(ignore) check parameters
[1.632s] Level 1:colcon.colcon_core.package_discovery:discover_packages(path) check parameters
[1.632s] Level 1:colcon.colcon_core.package_discovery:discover_packages(colcon_meta) discover
[1.633s] Level 1:colcon.colcon_core.package_discovery:discover_packages(recursive) discover
[1.633s] INFO:colcon.colcon_core.package_discovery:Crawling recursively for packages in '/home/pi/Team_AUV/ROS_Workspace'
[1.633s] Level 1:colcon.colcon_core.package_identification:_identify(.) by extensions ['ignore', 'ignore_ament_install']
[1.633s] Level 1:colcon.colcon_core.package_identification:_identify(.) by extension 'ignore'
[1.634s] Level 1:colcon.colcon_core.package_identification:_identify(.) by extension 'ignore_ament_install'
[1.634s] Level 1:colcon.colcon_core.package_identification:_identify(.) by extensions ['colcon_pkg']
[1.634s] Level 1:colcon.colcon_core.package_identification:_identify(.) by extension 'colcon_pkg'
[1.634s] Level 1:colcon.colcon_core.package_identification:_identify(.) by extensions ['colcon_meta']
[1.634s] Level 1:colcon.colcon_core.package_identification:_identify(.) by extension 'colcon_meta'
[1.634s] Level 1:colcon.colcon_core.package_identification:_identify(.) by extensions ['ros']
[1.634s] Level 1:colcon.colcon_core.package_identification:_identify(.) by extension 'ros'
[1.731s] Level 1:colcon.colcon_core.package_identification:_identify(.) by extensions ['cmake', 'python']
[1.732s] Level 1:colcon.colcon_core.package_identification:_identify(.) by extension 'cmake'
[1.732s] Level 1:colcon.colcon_core.package_identification:_identify(.) by extension 'python'
[1.732s] Level 1:colcon.colcon_core.package_identification:_identify(.) by extensions ['python_setup_py']
[1.732s] Level 1:colcon.colcon_core.package_identification:_identify(.) by extension 'python_setup_py'
[1.732s] Level 1:colcon.colcon_core.package_identification:_identify(build) by extensions ['ignore', 'ignore_ament_install']
[1.733s] Level 1:colcon.colcon_core.package_identification:_identify(build) by extension 'ignore'
[1.733s] Level 1:colcon.colcon_core.package_identification:_identify(build) ignored
[1.733s] Level 1:colcon.colcon_core.package_identification:_identify(install) by extensions ['ignore', 'ignore_ament_install']
[1.733s] Level 1:colcon.colcon_core.package_identification:_identify(install) by extension 'ignore'
[1.733s] Level 1:colcon.colcon_core.package_identification:_identify(install) ignored
[1.734s] Level 1:colcon.colcon_core.package_identification:_identify(log) by extensions ['ignore', 'ignore_ament_install']
[1.734s] Level 1:colcon.colcon_core.package_identification:_identify(log) by extension 'ignore'
[1.734s] Level 1:colcon.colcon_core.package_identification:_identify(log) ignored
[1.734s] Level 1:colcon.colcon_core.package_identification:_identify(src) by extensions ['ignore', 'ignore_ament_install']
[1.734s] Level 1:colcon.colcon_core.package_identification:_identify(src) by extension 'ignore'
[1.735s] Level 1:colcon.colcon_core.package_identification:_identify(src) by extension 'ignore_ament_install'
[1.735s] Level 1:colcon.colcon_core.package_identification:_identify(src) by extensions ['colcon_pkg']
[1.735s] Level 1:colcon.colcon_core.package_identification:_identify(src) by extension 'colcon_pkg'
[1.735s] Level 1:colcon.colcon_core.package_identification:_identify(src) by extensions ['colcon_meta']
[1.735s] Level 1:colcon.colcon_core.package_identification:_identify(src) by extension 'colcon_meta'
[1.735s] Level 1:colcon.colcon_core.package_identification:_identify(src) by extensions ['ros']
[1.735s] Level 1:colcon.colcon_core.package_identification:_identify(src) by extension 'ros'
[1.735s] Level 1:colcon.colcon_core.package_identification:_identify(src) by extensions ['cmake', 'python']
[1.735s] Level 1:colcon.colcon_core.package_identification:_identify(src) by extension 'cmake'
[1.736s] Level 1:colcon.colcon_core.package_identification:_identify(src) by extension 'python'
[1.736s] Level 1:colcon.colcon_core.package_identification:_identify(src) by extensions ['python_setup_py']
[1.736s] Level 1:colcon.colcon_core.package_identification:_identify(src) by extension 'python_setup_py'
[1.736s] Level 1:colcon.colcon_core.package_identification:_identify(src/thruster_mixer) by extensions ['ignore', 'ignore_ament_install']
[1.736s] Level 1:colcon.colcon_core.package_identification:_identify(src/thruster_mixer) by extension 'ignore'
[1.736s] Level 1:colcon.colcon_core.package_identification:_identify(src/thruster_mixer) by extension 'ignore_ament_install'
[1.736s] Level 1:colcon.colcon_core.package_identification:_identify(src/thruster_mixer) by extensions ['colcon_pkg']
[1.737s] Level 1:colcon.colcon_core.package_identification:_identify(src/thruster_mixer) by extension 'colcon_pkg'
[1.737s] Level 1:colcon.colcon_core.package_identification:_identify(src/thruster_mixer) by extensions ['colcon_meta']
[1.737s] Level 1:colcon.colcon_core.package_identification:_identify(src/thruster_mixer) by extension 'colcon_meta'
[1.737s] Level 1:colcon.colcon_core.package_identification:_identify(src/thruster_mixer) by extensions ['ros']
[1.737s] Level 1:colcon.colcon_core.package_identification:_identify(src/thruster_mixer) by extension 'ros'
[1.748s] DEBUG:colcon.colcon_core.package_identification:Package 'src/thruster_mixer' with type 'ros.ament_python' and name 'thruster_mixer'
[1.748s] Level 1:colcon.colcon_core.package_discovery:discover_packages(recursive) using defaults
[1.748s] Level 1:colcon.colcon_core.package_discovery:discover_packages(ignore) discover
[1.748s] Level 1:colcon.colcon_core.package_discovery:discover_packages(ignore) using defaults
[1.748s] Level 1:colcon.colcon_core.package_discovery:discover_packages(path) discover
[1.748s] Level 1:colcon.colcon_core.package_discovery:discover_packages(path) using defaults
[1.822s] Level 1:colcon.colcon_core.package_discovery:discover_packages(prefix_path) check parameters
[1.822s] Level 1:colcon.colcon_core.package_discovery:discover_packages(prefix_path) discover
[1.831s] Level 1:colcon.colcon_core.package_discovery:discover_packages(prefix_path) using defaults
[1.837s] Level 5:colcon.colcon_core.verb:set package 'thruster_mixer' build argument 'cmake_args' from command line to 'None'
[1.837s] Level 5:colcon.colcon_core.verb:set package 'thruster_mixer' build argument 'cmake_target' from command line to 'None'
[1.837s] Level 5:colcon.colcon_core.verb:set package 'thruster_mixer' build argument 'cmake_target_skip_unavailable' from command line to 'False'
[1.837s] Level 5:colcon.colcon_core.verb:set package 'thruster_mixer' build argument 'cmake_clean_cache' from command line to 'False'
[1.837s] Level 5:colcon.colcon_core.verb:set package 'thruster_mixer' build argument 'cmake_clean_first' from command line to 'False'
[1.837s] Level 5:colcon.colcon_core.verb:set package 'thruster_mixer' build argument 'cmake_force_configure' from command line to 'False'
[1.838s] Level 5:colcon.colcon_core.verb:set package 'thruster_mixer' build argument 'ament_cmake_args' from command line to 'None'
[1.838s] Level 5:colcon.colcon_core.verb:set package 'thruster_mixer' build argument 'catkin_cmake_args' from command line to 'None'
[1.838s] Level 5:colcon.colcon_core.verb:set package 'thruster_mixer' build argument 'catkin_skip_building_tests' from command line to 'False'
[1.838s] DEBUG:colcon.colcon_core.verb:Building package 'thruster_mixer' with the following arguments: {'ament_cmake_args': None, 'build_base': '/home/pi/Team_AUV/ROS_Workspace/build/thruster_mixer', 'catkin_cmake_args': None, 'catkin_skip_building_tests': False, 'cmake_args': None, 'cmake_clean_cache': False, 'cmake_clean_first': False, 'cmake_force_configure': False, 'cmake_target': None, 'cmake_target_skip_unavailable': False, 'install_base': '/home/pi/Team_AUV/ROS_Workspace/install/thruster_mixer', 'merge_install': False, 'path': '/home/pi/Team_AUV/ROS_Workspace/src/thruster_mixer', 'symlink_install': True, 'test_result_base': None}
[1.838s] INFO:colcon.colcon_core.executor:Executing jobs using 'parallel' executor
[1.841s] DEBUG:colcon.colcon_parallel_executor.executor.parallel:run_until_complete
[1.841s] INFO:colcon.colcon_ros.task.ament_python.build:Building ROS package in '/home/pi/Team_AUV/ROS_Workspace/src/thruster_mixer' with build type 'ament_python'
[1.842s] Level 1:colcon.colcon_core.shell:create_environment_hook('thruster_mixer', 'ament_prefix_path')
[1.858s] INFO:colcon.colcon_core.plugin_system:Skipping extension 'colcon_core.shell.bat': Not used on non-Windows systems
[1.859s] INFO:colcon.colcon_core.shell:Creating environment hook '/home/pi/Team_AUV/ROS_Workspace/install/thruster_mixer/share/thruster_mixer/hook/ament_prefix_path.ps1'
[1.862s] INFO:colcon.colcon_core.shell:Creating environment descriptor '/home/pi/Team_AUV/ROS_Workspace/install/thruster_mixer/share/thruster_mixer/hook/ament_prefix_path.dsv'
[1.864s] INFO:colcon.colcon_core.shell:Creating environment hook '/home/pi/Team_AUV/ROS_Workspace/install/thruster_mixer/share/thruster_mixer/hook/ament_prefix_path.sh'
[1.867s] INFO:colcon.colcon_core.shell:Skip shell extension 'powershell' for command environment: Not usable outside of PowerShell
[1.868s] DEBUG:colcon.colcon_core.shell:Skip shell extension 'dsv' for command environment
[3.162s] INFO:colcon.colcon_core.task.python.build:Building Python package in '/home/pi/Team_AUV/ROS_Workspace/src/thruster_mixer'
[3.163s] INFO:colcon.colcon_core.shell:Skip shell extension 'powershell' for command environment: Not usable outside of PowerShell
[3.163s] DEBUG:colcon.colcon_core.shell:Skip shell extension 'dsv' for command environment
[6.534s] DEBUG:colcon.colcon_core.event_handler.log_command:Invoking command in '/home/pi/Team_AUV/ROS_Workspace/build/thruster_mixer': PYTHONPATH=/home/pi/Team_AUV/ROS_Workspace/build/thruster_mixer/prefix_override:/usr/lib/python3/dist-packages/colcon_core/task/python/colcon_distutils_commands:/home/pi/Team_AUV/ROS_Workspace/install/thruster_mixer/lib/python3.11/site-packages: VIRTUAL_ENV_PROMPT=(venv) /usr/bin/python3 -W ignore:setup.py install is deprecated -W ignore:easy_install command is deprecated setup.py develop --editable --build-directory /home/pi/Team_AUV/ROS_Workspace/build/thruster_mixer/build --no-deps symlink_data
[9.097s] Level 1:colcon.colcon_core.shell:create_environment_hook('thruster_mixer', 'pythonpath_develop')
[9.098s] INFO:colcon.colcon_core.shell:Creating environment hook '/home/pi/Team_AUV/ROS_Workspace/build/thruster_mixer/share/thruster_mixer/hook/pythonpath_develop.ps1'
[9.099s] DEBUG:colcon.colcon_core.event_handler.log_command:Invoked command in '/home/pi/Team_AUV/ROS_Workspace/build/thruster_mixer' returned '0': PYTHONPATH=/home/pi/Team_AUV/ROS_Workspace/build/thruster_mixer/prefix_override:/usr/lib/python3/dist-packages/colcon_core/task/python/colcon_distutils_commands:/home/pi/Team_AUV/ROS_Workspace/install/thruster_mixer/lib/python3.11/site-packages: VIRTUAL_ENV_PROMPT=(venv) /usr/bin/python3 -W ignore:setup.py install is deprecated -W ignore:easy_install command is deprecated setup.py develop --editable --build-directory /home/pi/Team_AUV/ROS_Workspace/build/thruster_mixer/build --no-deps symlink_data
[9.103s] INFO:colcon.colcon_core.shell:Creating environment descriptor '/home/pi/Team_AUV/ROS_Workspace/build/thruster_mixer/share/thruster_mixer/hook/pythonpath_develop.dsv'
[9.104s] INFO:colcon.colcon_core.shell:Creating environment hook '/home/pi/Team_AUV/ROS_Workspace/build/thruster_mixer/share/thruster_mixer/hook/pythonpath_develop.sh'
[9.123s] Level 1:colcon.colcon_core.environment:checking '/home/pi/Team_AUV/ROS_Workspace/install/thruster_mixer' for CMake module files
[9.124s] Level 1:colcon.colcon_core.environment:checking '/home/pi/Team_AUV/ROS_Workspace/install/thruster_mixer' for CMake config files
[9.126s] Level 1:colcon.colcon_core.environment:checking '/home/pi/Team_AUV/ROS_Workspace/install/thruster_mixer/lib'
[9.127s] Level 1:colcon.colcon_core.environment:checking '/home/pi/Team_AUV/ROS_Workspace/install/thruster_mixer/bin'
[9.127s] Level 1:colcon.colcon_core.environment:checking '/home/pi/Team_AUV/ROS_Workspace/install/thruster_mixer/lib/pkgconfig/thruster_mixer.pc'
[9.127s] Level 1:colcon.colcon_core.environment:checking '/home/pi/Team_AUV/ROS_Workspace/install/thruster_mixer/lib/python3.11/site-packages'
[9.128s] Level 1:colcon.colcon_core.shell:create_environment_hook('thruster_mixer', 'pythonpath')
[9.128s] INFO:colcon.colcon_core.shell:Creating environment hook '/home/pi/Team_AUV/ROS_Workspace/install/thruster_mixer/share/thruster_mixer/hook/pythonpath.ps1'
[9.129s] INFO:colcon.colcon_core.shell:Creating environment descriptor '/home/pi/Team_AUV/ROS_Workspace/install/thruster_mixer/share/thruster_mixer/hook/pythonpath.dsv'
[9.131s] INFO:colcon.colcon_core.shell:Creating environment hook '/home/pi/Team_AUV/ROS_Workspace/install/thruster_mixer/share/thruster_mixer/hook/pythonpath.sh'
[9.132s] Level 1:colcon.colcon_core.environment:checking '/home/pi/Team_AUV/ROS_Workspace/install/thruster_mixer/bin'
[9.132s] Level 1:colcon.colcon_core.environment:create_environment_scripts_only(thruster_mixer)
[9.133s] INFO:colcon.colcon_core.shell:Creating package script '/home/pi/Team_AUV/ROS_Workspace/install/thruster_mixer/share/thruster_mixer/package.ps1'
[9.137s] INFO:colcon.colcon_core.shell:Creating package descriptor '/home/pi/Team_AUV/ROS_Workspace/install/thruster_mixer/share/thruster_mixer/package.dsv'
[9.139s] INFO:colcon.colcon_core.shell:Creating package script '/home/pi/Team_AUV/ROS_Workspace/install/thruster_mixer/share/thruster_mixer/package.sh'
[9.141s] INFO:colcon.colcon_core.shell:Creating package script '/home/pi/Team_AUV/ROS_Workspace/install/thruster_mixer/share/thruster_mixer/package.bash'
[9.144s] INFO:colcon.colcon_core.shell:Creating package script '/home/pi/Team_AUV/ROS_Workspace/install/thruster_mixer/share/thruster_mixer/package.zsh'
[9.148s] Level 1:colcon.colcon_core.environment:create_file_with_runtime_dependencies(/home/pi/Team_AUV/ROS_Workspace/install/thruster_mixer/share/colcon-core/packages/thruster_mixer)
[9.149s] DEBUG:colcon.colcon_parallel_executor.executor.parallel:closing loop
[9.150s] DEBUG:colcon.colcon_parallel_executor.executor.parallel:loop closed
[9.151s] DEBUG:colcon.colcon_parallel_executor.executor.parallel:run_until_complete finished with '0'
[9.151s] DEBUG:colcon.colcon_core.event_reactor:joining thread
[9.184s] INFO:colcon.colcon_core.plugin_system:Skipping extension 'colcon_notification.desktop_notification.notify_send': Could not find 'notify-send'
[9.184s] INFO:colcon.colcon_core.plugin_system:Skipping extension 'colcon_notification.desktop_notification.terminal_notifier': Not used on non-Darwin systems
[9.185s] INFO:colcon.colcon_core.plugin_system:Skipping extension 'colcon_notification.desktop_notification.win32': Not used on non-Windows systems
[9.185s] INFO:colcon.colcon_notification.desktop_notification:Sending desktop notification using 'notify2'
[9.187s] DEBUG:colcon.colcon_notification.desktop_notification.notify2:Failed to initialize notify2: org.freedesktop.DBus.Error.ServiceUnknown: The name org.freedesktop.Notifications was not provided by any .service files
[9.188s] DEBUG:colcon.colcon_core.event_reactor:joined thread
[9.188s] INFO:colcon.colcon_core.shell:Creating prefix script '/home/pi/Team_AUV/ROS_Workspace/install/local_setup.ps1'
[9.191s] INFO:colcon.colcon_core.shell:Creating prefix util module '/home/pi/Team_AUV/ROS_Workspace/install/_local_setup_util_ps1.py'
[9.197s] INFO:colcon.colcon_core.shell:Creating prefix chain script '/home/pi/Team_AUV/ROS_Workspace/install/setup.ps1'
[9.201s] INFO:colcon.colcon_core.shell:Creating prefix script '/home/pi/Team_AUV/ROS_Workspace/install/local_setup.sh'
[9.207s] INFO:colcon.colcon_core.shell:Creating prefix util module '/home/pi/Team_AUV/ROS_Workspace/install/_local_setup_util_sh.py'
[9.209s] INFO:colcon.colcon_core.shell:Creating prefix chain script '/home/pi/Team_AUV/ROS_Workspace/install/setup.sh'
[9.213s] INFO:colcon.colcon_core.shell:Creating prefix script '/home/pi/Team_AUV/ROS_Workspace/install/local_setup.bash'
[9.216s] INFO:colcon.colcon_core.shell:Creating prefix chain script '/home/pi/Team_AUV/ROS_Workspace/install/setup.bash'
[9.219s] INFO:colcon.colcon_core.shell:Creating prefix script '/home/pi/Team_AUV/ROS_Workspace/install/local_setup.zsh'
[9.223s] INFO:colcon.colcon_core.shell:Creating prefix chain script '/home/pi/Team_AUV/ROS_Workspace/install/setup.zsh'
