[4.692s] Invoking command in '/home/pi/Team_AUV/ROS_Workspace/build/thruster_mixer': PYTHONPATH=/home/pi/Team_AUV/ROS_Workspace/build/thruster_mixer/prefix_override:/usr/lib/python3/dist-packages/colcon_core/task/python/colcon_distutils_commands:/home/pi/Team_AUV/ROS_Workspace/install/thruster_mixer/lib/python3.11/site-packages: VIRTUAL_ENV_PROMPT=(venv) /usr/bin/python3 -W ignore:setup.py install is deprecated -W ignore:easy_install command is deprecated setup.py develop --editable --build-directory /home/pi/Team_AUV/ROS_Workspace/build/thruster_mixer/build --no-deps symlink_data
[5.959s] running develop
[6.799s] running egg_info
[6.799s] creating thruster_mixer.egg-info
[6.855s] writing thruster_mixer.egg-info/PKG-INFO
[6.856s] writing dependency_links to thruster_mixer.egg-info/dependency_links.txt
[6.856s] writing requirements to thruster_mixer.egg-info/requires.txt
[6.857s] writing top-level names to thruster_mixer.egg-info/top_level.txt
[6.857s] writing manifest file 'thruster_mixer.egg-info/SOURCES.txt'
[6.972s] reading manifest file 'thruster_mixer.egg-info/SOURCES.txt'
[6.973s] writing manifest file 'thruster_mixer.egg-info/SOURCES.txt'
[7.033s] running build_ext
[7.033s] Creating /home/pi/Team_AUV/ROS_Workspace/install/thruster_mixer/lib/python3.11/site-packages/thruster-mixer.egg-link (link to .)
[7.035s] 
[7.036s] Installed /home/pi/Team_AUV/ROS_Workspace/build/thruster_mixer
[7.037s] running symlink_data
[7.037s] creating /home/pi/Team_AUV/ROS_Workspace/install/thruster_mixer/share/ament_index
[7.038s] creating /home/pi/Team_AUV/ROS_Workspace/install/thruster_mixer/share/ament_index/resource_index
[7.039s] creating /home/pi/Team_AUV/ROS_Workspace/install/thruster_mixer/share/ament_index/resource_index/packages
[7.040s] symbolically linking /home/pi/Team_AUV/ROS_Workspace/build/thruster_mixer/resource/thruster_mixer -> /home/pi/Team_AUV/ROS_Workspace/install/thruster_mixer/share/ament_index/resource_index/packages
[7.040s] symbolically linking /home/pi/Team_AUV/ROS_Workspace/build/thruster_mixer/package.xml -> /home/pi/Team_AUV/ROS_Workspace/install/thruster_mixer/share/thruster_mixer
[7.256s] Invoked command in '/home/pi/Team_AUV/ROS_Workspace/build/thruster_mixer' returned '0': PYTHONPATH=/home/pi/Team_AUV/ROS_Workspace/build/thruster_mixer/prefix_override:/usr/lib/python3/dist-packages/colcon_core/task/python/colcon_distutils_commands:/home/pi/Team_AUV/ROS_Workspace/install/thruster_mixer/lib/python3.11/site-packages: VIRTUAL_ENV_PROMPT=(venv) /usr/bin/python3 -W ignore:setup.py install is deprecated -W ignore:easy_install command is deprecated setup.py develop --editable --build-directory /home/pi/Team_AUV/ROS_Workspace/build/thruster_mixer/build --no-deps symlink_data
